[2023-11-16 18:14:55,724: INFO: main: Welcome to our custom log.]
[2023-11-16 18:19:54,377: INFO: main: Welcome to our custom log.]
[2023-11-16 20:18:40,322: INFO: common: yaml file: config\config.yaml loaded successfully]
[2023-11-16 20:18:40,334: INFO: common: yaml file: params.yaml loaded successfully]
[2023-11-16 20:18:40,341: INFO: common: created directory at: artifacts]
[2023-11-16 20:18:40,352: INFO: common: created directory at: artifacts/data_ingestion]
[2023-11-16 20:18:49,764: INFO: common: yaml file: config\config.yaml loaded successfully]
[2023-11-16 20:18:49,771: INFO: common: yaml file: params.yaml loaded successfully]
[2023-11-16 20:18:49,774: INFO: common: created directory at: artifacts]
[2023-11-16 20:18:49,777: INFO: common: created directory at: artifacts/data_ingestion]
[2023-11-16 20:19:08,324: INFO: common: yaml file: config\config.yaml loaded successfully]
[2023-11-16 20:19:08,333: INFO: common: yaml file: params.yaml loaded successfully]
[2023-11-16 20:19:08,335: INFO: common: created directory at: artifacts]
[2023-11-16 20:19:08,338: INFO: common: created directory at: artifacts/data_ingestion]
[2023-11-16 20:19:08,340: INFO: 690492142: Downloading data from https://drive.google.com/file/d/1Sm3W06lYtO1f3i6RM0z3iiET1zdBj6AO/view?usp=sharing into file artifacts/data_ingestion/data.zip]
[2023-11-16 20:19:27,490: INFO: 690492142: Downloaded data from https://drive.google.com/file/d/1Sm3W06lYtO1f3i6RM0z3iiET1zdBj6AO/view?usp=sharing into file artifacts/data_ingestion/data.zip]
[2023-11-16 20:37:35,535: INFO: main: >>>>> stage Data Ingestion stage started <<<<<]
[2023-11-16 20:37:35,545: INFO: common: yaml file: config\config.yaml loaded successfully]
[2023-11-16 20:37:35,552: INFO: common: yaml file: params.yaml loaded successfully]
[2023-11-16 20:37:35,559: INFO: common: created directory at: artifacts]
[2023-11-16 20:37:35,564: INFO: common: created directory at: artifacts/data_ingestion]
[2023-11-16 20:37:35,567: INFO: data_ingestion: Downloading data from https://drive.google.com/file/d/1Sm3W06lYtO1f3i6RM0z3iiET1zdBj6AO/view?usp=sharing into file artifacts/data_ingestion/data.zip]
[2023-11-16 20:37:55,611: INFO: data_ingestion: Downloaded data from https://drive.google.com/file/d/1Sm3W06lYtO1f3i6RM0z3iiET1zdBj6AO/view?usp=sharing into file artifacts/data_ingestion/data.zip]
[2023-11-16 20:40:09,912: INFO: main: >>>>> stage Data Ingestion stage completed <<<<<

x=========x]
[2023-11-17 20:39:12,812: INFO: common: yaml file: config\config.yaml loaded successfully]
[2023-11-17 20:39:12,836: INFO: common: yaml file: params.yaml loaded successfully]
[2023-11-17 20:39:12,840: INFO: common: created directory at: artifacts]
[2023-11-17 20:39:12,849: INFO: common: created directory at: artifacts/prepare_base_model]
[2023-11-17 20:39:17,042: WARNING: saving_utils: Compiled the loaded model, but the compiled metrics have yet to be built. `model.compile_metrics` will be empty until you train or evaluate the model.]
[2023-11-17 20:56:51,122: INFO: main: >>>>> stage Data Ingestion stage started <<<<<]
[2023-11-17 20:56:51,131: INFO: common: yaml file: config\config.yaml loaded successfully]
[2023-11-17 20:56:51,139: INFO: common: yaml file: params.yaml loaded successfully]
[2023-11-17 20:56:51,145: INFO: common: created directory at: artifacts]
[2023-11-17 20:56:51,152: INFO: common: created directory at: artifacts/data_ingestion]
[2023-11-17 20:56:51,154: INFO: data_ingestion: Downloading data from https://drive.google.com/file/d/1Sm3W06lYtO1f3i6RM0z3iiET1zdBj6AO/view?usp=sharing into file artifacts/data_ingestion/data.zip]
[2023-11-17 20:57:16,808: INFO: data_ingestion: Downloaded data from https://drive.google.com/file/d/1Sm3W06lYtO1f3i6RM0z3iiET1zdBj6AO/view?usp=sharing into file artifacts/data_ingestion/data.zip]
[2023-11-17 20:59:12,779: INFO: main: >>>>> stage Data Ingestion stage completed <<<<<

x=========x]
[2023-11-17 20:59:42,240: INFO: utils: NumExpr defaulting to 8 threads.]
[2023-11-17 20:59:47,331: INFO: main: >>>>> stage Prepare Base Model started <<<<<]
[2023-11-17 20:59:47,349: INFO: common: yaml file: config\config.yaml loaded successfully]
[2023-11-17 20:59:47,360: INFO: common: yaml file: params.yaml loaded successfully]
[2023-11-17 20:59:47,363: INFO: common: created directory at: artifacts]
[2023-11-17 20:59:47,368: INFO: common: created directory at: artifacts/prepare_base_model]
[2023-11-17 20:59:47,949: WARNING: saving_utils: Compiled the loaded model, but the compiled metrics have yet to be built. `model.compile_metrics` will be empty until you train or evaluate the model.]
[2023-11-17 20:59:48,491: INFO: main: >>>>> stage Prepare Base Model completed <<<<<

x=========x]
[2023-11-17 21:24:28,715: INFO: common: yaml file: config\config.yaml loaded successfully]
[2023-11-17 21:24:28,741: INFO: common: yaml file: params.yaml loaded successfully]
[2023-11-17 21:24:28,747: INFO: common: created directory at: artifacts]
[2023-11-17 21:24:28,757: INFO: common: created directory at: artifacts\training]
[2023-11-18 14:00:00,736: INFO: common: yaml file: config\config.yaml loaded successfully]
[2023-11-18 14:00:00,789: INFO: common: yaml file: params.yaml loaded successfully]
[2023-11-18 14:00:00,800: INFO: common: created directory at: artifacts]
[2023-11-18 14:05:08,039: INFO: common: json file saved at: scores.json]
[2023-11-18 14:05:32,862: WARNING: save: Found untraced functions such as _jit_compiled_convolution_op, _jit_compiled_convolution_op, _jit_compiled_convolution_op, _jit_compiled_convolution_op, _jit_compiled_convolution_op while saving (showing 5 of 14). These functions will not be directly callable after loading.]
[2023-11-18 14:05:34,026: INFO: builder_impl: Assets written to: C:\Users\david\AppData\Local\Temp\tmpsck_jr5j\model\data\model\assets]
[2023-11-18 14:18:08,949: INFO: common: yaml file: config\config.yaml loaded successfully]
[2023-11-18 14:18:08,973: INFO: common: yaml file: params.yaml loaded successfully]
[2023-11-18 14:18:08,973: INFO: common: created directory at: artifacts]
[2023-11-18 14:22:59,372: INFO: common: json file saved at: scores.json]
[2023-11-18 14:23:08,396: WARNING: save: Found untraced functions such as _jit_compiled_convolution_op, _jit_compiled_convolution_op, _jit_compiled_convolution_op, _jit_compiled_convolution_op, _jit_compiled_convolution_op while saving (showing 5 of 14). These functions will not be directly callable after loading.]
[2023-11-18 14:23:09,494: INFO: builder_impl: Assets written to: C:\Users\david\AppData\Local\Temp\tmpvc1wr8e0\model\data\model\assets]
[2023-11-18 14:41:36,077: INFO: main: >>>>> stage Data Ingestion stage started <<<<<]
[2023-11-18 14:41:36,101: INFO: common: yaml file: config\config.yaml loaded successfully]
[2023-11-18 14:41:36,118: INFO: common: yaml file: params.yaml loaded successfully]
[2023-11-18 14:41:36,128: INFO: common: created directory at: artifacts]
[2023-11-18 14:41:36,135: INFO: common: created directory at: artifacts/data_ingestion]
[2023-11-18 14:41:36,138: INFO: data_ingestion: Downloading data from https://drive.google.com/file/d/1Sm3W06lYtO1f3i6RM0z3iiET1zdBj6AO/view?usp=sharing into file artifacts/data_ingestion/data.zip]
[2023-11-18 14:41:55,309: INFO: data_ingestion: Downloaded data from https://drive.google.com/file/d/1Sm3W06lYtO1f3i6RM0z3iiET1zdBj6AO/view?usp=sharing into file artifacts/data_ingestion/data.zip]
[2023-11-18 14:43:52,972: INFO: main: >>>>> stage Data Ingestion stage completed <<<<<

x=========x]
[2023-11-18 14:43:58,331: INFO: main: >>>>> stage Prepare Base Model started <<<<<]
[2023-11-18 14:43:58,341: INFO: common: yaml file: config\config.yaml loaded successfully]
[2023-11-18 14:43:58,351: INFO: common: yaml file: params.yaml loaded successfully]
[2023-11-18 14:43:58,354: INFO: common: created directory at: artifacts]
[2023-11-18 14:43:58,369: INFO: common: created directory at: artifacts/prepare_base_model]
[2023-11-18 14:43:58,929: WARNING: saving_utils: Compiled the loaded model, but the compiled metrics have yet to be built. `model.compile_metrics` will be empty until you train or evaluate the model.]
[2023-11-18 14:43:59,444: INFO: main: >>>>> stage Prepare Base Model completed <<<<<

x=========x]
[2023-11-18 14:43:59,492: INFO: main: >>>>> stage Model Training started <<<<<]
[2023-11-18 14:43:59,499: INFO: common: yaml file: config\config.yaml loaded successfully]
[2023-11-18 14:43:59,508: INFO: common: yaml file: params.yaml loaded successfully]
[2023-11-18 14:43:59,512: INFO: common: created directory at: artifacts]
[2023-11-18 14:43:59,528: INFO: common: created directory at: artifacts\training]
[2023-11-18 14:57:33,952: INFO: main: >>>>> stage Model Training completed <<<<<

x=========x]
[2023-11-18 14:57:35,393: INFO: main: >>>>> stage Model Evaluation started <<<<<]
[2023-11-18 14:57:35,409: INFO: common: yaml file: config\config.yaml loaded successfully]
[2023-11-18 14:57:35,424: INFO: common: yaml file: params.yaml loaded successfully]
[2023-11-18 14:57:35,426: INFO: common: created directory at: artifacts]
[2023-11-18 14:57:35,426: ERROR: main: name 'MLFLOW_TRACKING_URI' is not defined]
Traceback (most recent call last):
  File "main.py", line 76, in <module>
    obj.main()
  File "g:\il mio drive\projects\kidney-tumor-detection-end-to-end\src\CNN_Classifier\pipeline\stage_04_model_evaluation.py", line 14, in main
    eval_config = config.get_evaluation_config()
  File "g:\il mio drive\projects\kidney-tumor-detection-end-to-end\src\CNN_Classifier\config\configuration.py", line 90, in get_evaluation_config
    mlflow_uri=MLFLOW_TRACKING_URI,
NameError: name 'MLFLOW_TRACKING_URI' is not defined
[2023-11-18 15:05:32,971: INFO: main: >>>>> stage Data Ingestion stage started <<<<<]
[2023-11-18 15:05:32,982: INFO: common: yaml file: config\config.yaml loaded successfully]
[2023-11-18 15:05:32,991: INFO: common: yaml file: params.yaml loaded successfully]
[2023-11-18 15:05:32,997: INFO: common: created directory at: artifacts]
[2023-11-18 15:05:33,004: INFO: common: created directory at: artifacts/data_ingestion]
[2023-11-18 15:05:33,005: INFO: data_ingestion: Downloading data from https://drive.google.com/file/d/1Sm3W06lYtO1f3i6RM0z3iiET1zdBj6AO/view?usp=sharing into file artifacts/data_ingestion/data.zip]
[2023-11-18 15:05:56,097: INFO: data_ingestion: Downloaded data from https://drive.google.com/file/d/1Sm3W06lYtO1f3i6RM0z3iiET1zdBj6AO/view?usp=sharing into file artifacts/data_ingestion/data.zip]
[2023-11-18 15:07:35,753: INFO: main: >>>>> stage Data Ingestion stage completed <<<<<

x=========x]
[2023-11-18 15:07:40,513: INFO: main: >>>>> stage Prepare Base Model started <<<<<]
[2023-11-18 15:07:40,527: INFO: common: yaml file: config\config.yaml loaded successfully]
[2023-11-18 15:07:40,537: INFO: common: yaml file: params.yaml loaded successfully]
[2023-11-18 15:07:40,538: INFO: common: created directory at: artifacts]
[2023-11-18 15:07:40,552: INFO: common: created directory at: artifacts/prepare_base_model]
[2023-11-18 15:07:41,047: WARNING: saving_utils: Compiled the loaded model, but the compiled metrics have yet to be built. `model.compile_metrics` will be empty until you train or evaluate the model.]
[2023-11-18 15:07:41,521: INFO: main: >>>>> stage Prepare Base Model completed <<<<<

x=========x]
[2023-11-18 15:07:41,539: INFO: main: >>>>> stage Model Training started <<<<<]
[2023-11-18 15:07:41,550: INFO: common: yaml file: config\config.yaml loaded successfully]
[2023-11-18 15:07:41,558: INFO: common: yaml file: params.yaml loaded successfully]
[2023-11-18 15:07:41,561: INFO: common: created directory at: artifacts]
[2023-11-18 15:07:41,573: INFO: common: created directory at: artifacts\training]
[2023-11-18 15:18:29,642: INFO: main: >>>>> stage Model Training completed <<<<<

x=========x]
[2023-11-18 15:18:30,901: INFO: main: >>>>> stage Model Evaluation started <<<<<]
[2023-11-18 15:18:30,919: INFO: common: yaml file: config\config.yaml loaded successfully]
[2023-11-18 15:18:30,927: INFO: common: yaml file: params.yaml loaded successfully]
[2023-11-18 15:18:30,929: INFO: common: created directory at: artifacts]
[2023-11-18 15:21:33,807: INFO: common: json file saved at: scores.json]
[2023-11-18 15:21:36,039: WARNING: save: Found untraced functions such as _jit_compiled_convolution_op, _jit_compiled_convolution_op, _jit_compiled_convolution_op, _jit_compiled_convolution_op, _jit_compiled_convolution_op while saving (showing 5 of 14). These functions will not be directly callable after loading.]
[2023-11-18 15:21:36,684: INFO: builder_impl: Assets written to: C:\Users\david\AppData\Local\Temp\tmpcbltfkp9\model\data\model\assets]
[2023-11-18 15:21:44,953: INFO: dir_util: creating G:\Il mio Drive\PROJECTS\Kidney-Tumor-Detection-End-To-End\mlruns\0\e0be92628d9f4e5e87e963175ab094f0\artifacts\model\data]
[2023-11-18 15:21:44,971: INFO: dir_util: creating G:\Il mio Drive\PROJECTS\Kidney-Tumor-Detection-End-To-End\mlruns\0\e0be92628d9f4e5e87e963175ab094f0\artifacts\model\data\model]
[2023-11-18 15:21:44,979: INFO: dir_util: creating G:\Il mio Drive\PROJECTS\Kidney-Tumor-Detection-End-To-End\mlruns\0\e0be92628d9f4e5e87e963175ab094f0\artifacts\model\data\model\assets]
[2023-11-18 15:21:45,020: INFO: dir_util: creating G:\Il mio Drive\PROJECTS\Kidney-Tumor-Detection-End-To-End\mlruns\0\e0be92628d9f4e5e87e963175ab094f0\artifacts\model\data\model\variables]
[2023-11-18 15:21:45,746: INFO: main: >>>>> stage Model Evaluation completed <<<<<

x=========x]
[2023-11-18 15:31:26,368: INFO: main: >>>>> stage Data Ingestion stage started <<<<<]
[2023-11-18 15:31:26,397: INFO: common: yaml file: config\config.yaml loaded successfully]
[2023-11-18 15:31:26,407: INFO: common: yaml file: params.yaml loaded successfully]
[2023-11-18 15:31:26,416: INFO: common: created directory at: artifacts]
[2023-11-18 15:31:26,423: INFO: common: created directory at: artifacts/data_ingestion]
[2023-11-18 15:31:26,425: INFO: data_ingestion: Downloading data from https://drive.google.com/file/d/1Sm3W06lYtO1f3i6RM0z3iiET1zdBj6AO/view?usp=sharing into file artifacts/data_ingestion/data.zip]
[2023-11-18 15:31:44,651: INFO: data_ingestion: Downloaded data from https://drive.google.com/file/d/1Sm3W06lYtO1f3i6RM0z3iiET1zdBj6AO/view?usp=sharing into file artifacts/data_ingestion/data.zip]
[2023-11-18 15:33:34,099: INFO: main: >>>>> stage Data Ingestion stage completed <<<<<

x=========x]
[2023-11-18 15:33:39,334: INFO: main: >>>>> stage Prepare Base Model started <<<<<]
[2023-11-18 15:33:39,345: INFO: common: yaml file: config\config.yaml loaded successfully]
[2023-11-18 15:33:39,356: INFO: common: yaml file: params.yaml loaded successfully]
[2023-11-18 15:33:39,359: INFO: common: created directory at: artifacts]
[2023-11-18 15:33:39,367: INFO: common: created directory at: artifacts/prepare_base_model]
[2023-11-18 15:33:39,952: WARNING: saving_utils: Compiled the loaded model, but the compiled metrics have yet to be built. `model.compile_metrics` will be empty until you train or evaluate the model.]
[2023-11-18 15:33:40,474: INFO: main: >>>>> stage Prepare Base Model completed <<<<<

x=========x]
[2023-11-18 15:33:40,508: INFO: main: >>>>> stage Model Training started <<<<<]
[2023-11-18 15:33:40,517: INFO: common: yaml file: config\config.yaml loaded successfully]
[2023-11-18 15:33:40,527: INFO: common: yaml file: params.yaml loaded successfully]
[2023-11-18 15:33:40,530: INFO: common: created directory at: artifacts]
[2023-11-18 15:33:40,539: INFO: common: created directory at: artifacts\training]
[2023-11-18 15:46:21,991: INFO: main: >>>>> stage Model Training completed <<<<<

x=========x]
[2023-11-18 15:46:23,354: INFO: main: >>>>> stage Model Evaluation started <<<<<]
[2023-11-18 15:46:23,383: INFO: common: yaml file: config\config.yaml loaded successfully]
[2023-11-18 15:46:23,391: INFO: common: yaml file: params.yaml loaded successfully]
[2023-11-18 15:46:23,393: INFO: common: created directory at: artifacts]
[2023-11-18 15:49:29,786: INFO: common: json file saved at: scores.json]
[2023-11-18 15:49:32,100: WARNING: save: Found untraced functions such as _jit_compiled_convolution_op, _jit_compiled_convolution_op, _jit_compiled_convolution_op, _jit_compiled_convolution_op, _jit_compiled_convolution_op while saving (showing 5 of 14). These functions will not be directly callable after loading.]
[2023-11-18 15:49:32,817: INFO: builder_impl: Assets written to: C:\Users\david\AppData\Local\Temp\tmp7f1xdgps\model\data\model\assets]
[2023-11-18 15:49:42,108: INFO: dir_util: creating G:\Il mio Drive\PROJECTS\Kidney-Tumor-Detection-End-To-End\mlruns\0\2116e3ac1028419ba574e605d316f1da\artifacts\model\data]
[2023-11-18 15:49:42,125: INFO: dir_util: creating G:\Il mio Drive\PROJECTS\Kidney-Tumor-Detection-End-To-End\mlruns\0\2116e3ac1028419ba574e605d316f1da\artifacts\model\data\model]
[2023-11-18 15:49:42,132: INFO: dir_util: creating G:\Il mio Drive\PROJECTS\Kidney-Tumor-Detection-End-To-End\mlruns\0\2116e3ac1028419ba574e605d316f1da\artifacts\model\data\model\assets]
[2023-11-18 15:49:42,175: INFO: dir_util: creating G:\Il mio Drive\PROJECTS\Kidney-Tumor-Detection-End-To-End\mlruns\0\2116e3ac1028419ba574e605d316f1da\artifacts\model\data\model\variables]
[2023-11-18 15:49:42,935: INFO: main: >>>>> stage Model Evaluation completed <<<<<

x=========x]
[2023-11-18 15:50:25,421: INFO: main: >>>>> stage Data Ingestion stage started <<<<<]
[2023-11-18 15:50:25,432: INFO: common: yaml file: config\config.yaml loaded successfully]
[2023-11-18 15:50:25,441: INFO: common: yaml file: params.yaml loaded successfully]
[2023-11-18 15:50:25,443: INFO: common: created directory at: artifacts]
[2023-11-18 15:50:25,445: INFO: common: created directory at: artifacts/data_ingestion]
[2023-11-18 15:50:25,446: INFO: data_ingestion: Downloading data from https://drive.google.com/file/d/1Sm3W06lYtO1f3i6RM0z3iiET1zdBj6AO/view?usp=sharing into file artifacts/data_ingestion/data.zip]
[2023-11-18 15:50:47,008: INFO: data_ingestion: Downloaded data from https://drive.google.com/file/d/1Sm3W06lYtO1f3i6RM0z3iiET1zdBj6AO/view?usp=sharing into file artifacts/data_ingestion/data.zip]
[2023-11-18 15:52:29,447: INFO: main: >>>>> stage Data Ingestion stage completed <<<<<

x=========x]
[2023-11-18 15:52:33,477: INFO: main: >>>>> stage Prepare Base Model started <<<<<]
[2023-11-18 15:52:33,508: INFO: common: yaml file: config\config.yaml loaded successfully]
[2023-11-18 15:52:33,523: INFO: common: yaml file: params.yaml loaded successfully]
[2023-11-18 15:52:33,523: INFO: common: created directory at: artifacts]
[2023-11-18 15:52:33,523: INFO: common: created directory at: artifacts/prepare_base_model]
[2023-11-18 15:52:33,990: WARNING: saving_utils: Compiled the loaded model, but the compiled metrics have yet to be built. `model.compile_metrics` will be empty until you train or evaluate the model.]
[2023-11-18 15:52:41,525: INFO: main: >>>>> stage Prepare Base Model completed <<<<<

x=========x]
[2023-11-18 15:52:41,547: INFO: main: >>>>> stage Model Training started <<<<<]
[2023-11-18 15:52:41,556: INFO: common: yaml file: config\config.yaml loaded successfully]
[2023-11-18 15:52:41,563: INFO: common: yaml file: params.yaml loaded successfully]
[2023-11-18 15:52:41,566: INFO: common: created directory at: artifacts]
[2023-11-18 15:52:41,569: INFO: common: created directory at: artifacts\training]
[2023-11-18 16:14:43,066: INFO: main: >>>>> stage Model Training completed <<<<<

x=========x]
[2023-11-18 16:14:44,166: INFO: main: >>>>> stage Model Evaluation started <<<<<]
[2023-11-18 16:14:44,198: INFO: common: yaml file: config\config.yaml loaded successfully]
[2023-11-18 16:14:44,201: INFO: common: yaml file: params.yaml loaded successfully]
[2023-11-18 16:14:44,209: INFO: common: created directory at: artifacts]
[2023-11-18 16:17:44,436: INFO: common: json file saved at: scores.json]
[2023-11-18 16:17:46,398: WARNING: save: Found untraced functions such as _jit_compiled_convolution_op, _jit_compiled_convolution_op, _jit_compiled_convolution_op, _jit_compiled_convolution_op, _jit_compiled_convolution_op while saving (showing 5 of 14). These functions will not be directly callable after loading.]
[2023-11-18 16:17:47,008: INFO: builder_impl: Assets written to: C:\Users\david\AppData\Local\Temp\tmpri7fj7bn\model\data\model\assets]
[2023-11-18 16:17:55,519: INFO: dir_util: creating G:\Il mio Drive\PROJECTS\Kidney-Tumor-Detection-End-To-End\mlruns\0\3e6ff9ebec804bc1ac93e69b65f8df66\artifacts\model\data]
[2023-11-18 16:17:55,536: INFO: dir_util: creating G:\Il mio Drive\PROJECTS\Kidney-Tumor-Detection-End-To-End\mlruns\0\3e6ff9ebec804bc1ac93e69b65f8df66\artifacts\model\data\model]
[2023-11-18 16:17:55,556: INFO: dir_util: creating G:\Il mio Drive\PROJECTS\Kidney-Tumor-Detection-End-To-End\mlruns\0\3e6ff9ebec804bc1ac93e69b65f8df66\artifacts\model\data\model\assets]
[2023-11-18 16:17:55,603: INFO: dir_util: creating G:\Il mio Drive\PROJECTS\Kidney-Tumor-Detection-End-To-End\mlruns\0\3e6ff9ebec804bc1ac93e69b65f8df66\artifacts\model\data\model\variables]
[2023-11-18 16:17:56,731: INFO: main: >>>>> stage Model Evaluation completed <<<<<

x=========x]
[2023-11-18 16:45:08,634: INFO: main: >>>>> stage Data Ingestion stage started <<<<<]
[2023-11-18 16:45:08,645: INFO: common: yaml file: config\config.yaml loaded successfully]
[2023-11-18 16:45:08,656: INFO: common: yaml file: params.yaml loaded successfully]
[2023-11-18 16:45:08,664: INFO: common: created directory at: artifacts]
[2023-11-18 16:45:08,671: INFO: common: created directory at: artifacts/data_ingestion]
[2023-11-18 16:45:08,673: INFO: data_ingestion: Downloading data from https://drive.google.com/file/d/1vlhZ5c7abUKF8xXERIw6m9Te8fW7ohw3/view?usp=sharing into file artifacts/data_ingestion/data.zip]
[2023-11-18 16:45:13,037: INFO: data_ingestion: Downloaded data from https://drive.google.com/file/d/1vlhZ5c7abUKF8xXERIw6m9Te8fW7ohw3/view?usp=sharing into file artifacts/data_ingestion/data.zip]
[2023-11-18 16:45:20,331: INFO: main: >>>>> stage Data Ingestion stage completed <<<<<

x=========x]
[2023-11-18 16:45:24,996: INFO: main: >>>>> stage Prepare Base Model started <<<<<]
[2023-11-18 16:45:25,005: INFO: common: yaml file: config\config.yaml loaded successfully]
[2023-11-18 16:45:25,014: INFO: common: yaml file: params.yaml loaded successfully]
[2023-11-18 16:45:25,017: INFO: common: created directory at: artifacts]
[2023-11-18 16:45:25,023: INFO: common: created directory at: artifacts/prepare_base_model]
[2023-11-18 16:45:25,516: WARNING: saving_utils: Compiled the loaded model, but the compiled metrics have yet to be built. `model.compile_metrics` will be empty until you train or evaluate the model.]
[2023-11-18 16:45:25,935: INFO: main: >>>>> stage Prepare Base Model completed <<<<<

x=========x]
[2023-11-18 16:45:25,950: INFO: main: >>>>> stage Model Training started <<<<<]
[2023-11-18 16:45:25,957: INFO: common: yaml file: config\config.yaml loaded successfully]
[2023-11-18 16:45:25,965: INFO: common: yaml file: params.yaml loaded successfully]
[2023-11-18 16:45:25,968: INFO: common: created directory at: artifacts]
[2023-11-18 16:45:25,976: INFO: common: created directory at: artifacts\training]
[2023-11-18 16:45:26,533: ERROR: main: [WinError 3] Impossibile trovare il percorso specificato: 'artifacts\\data_ingestion\\Kidney Images']
Traceback (most recent call last):
  File "main.py", line 61, in <module>
    obj.main()
  File "g:\il mio drive\projects\kidney-tumor-detection-end-to-end\src\CNN_Classifier\pipeline\stage_03_model_training.py", line 16, in main
    training.train_valid_generator()
  File "g:\il mio drive\projects\kidney-tumor-detection-end-to-end\src\CNN_Classifier\components\model_training.py", line 51, in train_valid_generator
    self.valid_generator = valid_datagenerator.flow_from_directory(
  File "C:\Users\david\miniconda3\envs\kidney\lib\site-packages\keras\preprocessing\image.py", line 1648, in flow_from_directory
    return DirectoryIterator(
  File "C:\Users\david\miniconda3\envs\kidney\lib\site-packages\keras\preprocessing\image.py", line 563, in __init__
    for subdir in sorted(os.listdir(directory)):
FileNotFoundError: [WinError 3] Impossibile trovare il percorso specificato: 'artifacts\\data_ingestion\\Kidney Images'
[2023-11-18 16:49:39,270: INFO: main: >>>>> stage Data Ingestion stage started <<<<<]
[2023-11-18 16:49:39,270: INFO: common: yaml file: config\config.yaml loaded successfully]
[2023-11-18 16:49:39,289: INFO: common: yaml file: params.yaml loaded successfully]
[2023-11-18 16:49:39,297: INFO: common: created directory at: artifacts]
[2023-11-18 16:49:39,306: INFO: common: created directory at: artifacts/data_ingestion]
[2023-11-18 16:49:39,308: INFO: data_ingestion: Downloading data from https://drive.google.com/file/d/1vlhZ5c7abUKF8xXERIw6m9Te8fW7ohw3/view?usp=sharing into file artifacts/data_ingestion/data.zip]
[2023-11-18 16:49:44,510: INFO: data_ingestion: Downloaded data from https://drive.google.com/file/d/1vlhZ5c7abUKF8xXERIw6m9Te8fW7ohw3/view?usp=sharing into file artifacts/data_ingestion/data.zip]
[2023-11-18 16:49:51,083: INFO: main: >>>>> stage Data Ingestion stage completed <<<<<

x=========x]
[2023-11-18 16:49:55,265: INFO: main: >>>>> stage Prepare Base Model started <<<<<]
[2023-11-18 16:49:55,282: INFO: common: yaml file: config\config.yaml loaded successfully]
[2023-11-18 16:49:55,293: INFO: common: yaml file: params.yaml loaded successfully]
[2023-11-18 16:49:55,297: INFO: common: created directory at: artifacts]
[2023-11-18 16:49:55,303: INFO: common: created directory at: artifacts/prepare_base_model]
[2023-11-18 16:49:55,782: WARNING: saving_utils: Compiled the loaded model, but the compiled metrics have yet to be built. `model.compile_metrics` will be empty until you train or evaluate the model.]
[2023-11-18 16:49:56,266: INFO: main: >>>>> stage Prepare Base Model completed <<<<<

x=========x]
[2023-11-18 16:49:56,296: INFO: main: >>>>> stage Model Training started <<<<<]
[2023-11-18 16:49:56,304: INFO: common: yaml file: config\config.yaml loaded successfully]
[2023-11-18 16:49:56,315: INFO: common: yaml file: params.yaml loaded successfully]
[2023-11-18 16:49:56,318: INFO: common: created directory at: artifacts]
[2023-11-18 16:49:56,325: INFO: common: created directory at: artifacts\training]
[2023-11-18 16:49:56,865: ERROR: main: [WinError 3] Impossibile trovare il percorso specificato: 'artifacts\\data_ingestion\\Kidney Images']
Traceback (most recent call last):
  File "main.py", line 61, in <module>
    obj.main()
  File "g:\il mio drive\projects\kidney-tumor-detection-end-to-end\src\CNN_Classifier\pipeline\stage_03_model_training.py", line 16, in main
    training.train_valid_generator()
  File "g:\il mio drive\projects\kidney-tumor-detection-end-to-end\src\CNN_Classifier\components\model_training.py", line 51, in train_valid_generator
    self.valid_generator = valid_datagenerator.flow_from_directory(
  File "C:\Users\david\miniconda3\envs\kidney\lib\site-packages\keras\preprocessing\image.py", line 1648, in flow_from_directory
    return DirectoryIterator(
  File "C:\Users\david\miniconda3\envs\kidney\lib\site-packages\keras\preprocessing\image.py", line 563, in __init__
    for subdir in sorted(os.listdir(directory)):
FileNotFoundError: [WinError 3] Impossibile trovare il percorso specificato: 'artifacts\\data_ingestion\\Kidney Images'
[2023-11-18 16:51:03,766: INFO: main: >>>>> stage Data Ingestion stage started <<<<<]
[2023-11-18 16:51:03,779: INFO: common: yaml file: config\config.yaml loaded successfully]
[2023-11-18 16:51:03,795: INFO: common: yaml file: params.yaml loaded successfully]
[2023-11-18 16:51:03,798: INFO: common: created directory at: artifacts]
[2023-11-18 16:51:03,800: INFO: common: created directory at: artifacts/data_ingestion]
[2023-11-18 16:51:03,802: INFO: data_ingestion: Downloading data from https://drive.google.com/file/d/1vlhZ5c7abUKF8xXERIw6m9Te8fW7ohw3/view?usp=sharing into file artifacts/data_ingestion/data.zip]
[2023-11-18 16:51:07,785: INFO: data_ingestion: Downloaded data from https://drive.google.com/file/d/1vlhZ5c7abUKF8xXERIw6m9Te8fW7ohw3/view?usp=sharing into file artifacts/data_ingestion/data.zip]
[2023-11-18 16:51:13,540: INFO: main: >>>>> stage Data Ingestion stage completed <<<<<

x=========x]
[2023-11-18 16:51:17,218: INFO: main: >>>>> stage Prepare Base Model started <<<<<]
[2023-11-18 16:51:17,235: INFO: common: yaml file: config\config.yaml loaded successfully]
[2023-11-18 16:51:17,235: INFO: common: yaml file: params.yaml loaded successfully]
[2023-11-18 16:51:17,250: INFO: common: created directory at: artifacts]
[2023-11-18 16:51:17,250: INFO: common: created directory at: artifacts/prepare_base_model]
[2023-11-18 16:51:17,694: WARNING: saving_utils: Compiled the loaded model, but the compiled metrics have yet to be built. `model.compile_metrics` will be empty until you train or evaluate the model.]
[2023-11-18 16:51:18,169: INFO: main: >>>>> stage Prepare Base Model completed <<<<<

x=========x]
[2023-11-18 16:51:18,187: INFO: main: >>>>> stage Model Training started <<<<<]
[2023-11-18 16:51:18,195: INFO: common: yaml file: config\config.yaml loaded successfully]
[2023-11-18 16:51:18,199: INFO: common: yaml file: params.yaml loaded successfully]
[2023-11-18 16:51:18,204: INFO: common: created directory at: artifacts]
[2023-11-18 16:51:18,207: INFO: common: created directory at: artifacts\training]
[2023-11-18 16:51:18,703: ERROR: main: [WinError 3] Impossibile trovare il percorso specificato: 'artifacts\\data_ingestion\\Kidney Images']
Traceback (most recent call last):
  File "main.py", line 61, in <module>
    obj.main()
  File "g:\il mio drive\projects\kidney-tumor-detection-end-to-end\src\CNN_Classifier\pipeline\stage_03_model_training.py", line 16, in main
    training.train_valid_generator()
  File "g:\il mio drive\projects\kidney-tumor-detection-end-to-end\src\CNN_Classifier\components\model_training.py", line 51, in train_valid_generator
    self.valid_generator = valid_datagenerator.flow_from_directory(
  File "C:\Users\david\miniconda3\envs\kidney\lib\site-packages\keras\preprocessing\image.py", line 1648, in flow_from_directory
    return DirectoryIterator(
  File "C:\Users\david\miniconda3\envs\kidney\lib\site-packages\keras\preprocessing\image.py", line 563, in __init__
    for subdir in sorted(os.listdir(directory)):
FileNotFoundError: [WinError 3] Impossibile trovare il percorso specificato: 'artifacts\\data_ingestion\\Kidney Images'
[2023-11-18 16:54:29,729: INFO: main: >>>>> stage Data Ingestion stage started <<<<<]
[2023-11-18 16:54:29,729: INFO: common: yaml file: config\config.yaml loaded successfully]
[2023-11-18 16:54:29,750: INFO: common: yaml file: params.yaml loaded successfully]
[2023-11-18 16:54:29,765: INFO: common: created directory at: artifacts]
[2023-11-18 16:54:29,770: INFO: common: created directory at: artifacts/data_ingestion]
[2023-11-18 16:54:29,773: INFO: data_ingestion: Downloading data from https://drive.google.com/file/d/1vlhZ5c7abUKF8xXERIw6m9Te8fW7ohw3/view?usp=sharing into file artifacts/data_ingestion/data.zip]
[2023-11-18 16:54:33,085: INFO: data_ingestion: Downloaded data from https://drive.google.com/file/d/1vlhZ5c7abUKF8xXERIw6m9Te8fW7ohw3/view?usp=sharing into file artifacts/data_ingestion/data.zip]
[2023-11-18 16:54:38,726: INFO: main: >>>>> stage Data Ingestion stage completed <<<<<

x=========x]
[2023-11-18 16:54:42,896: INFO: main: >>>>> stage Prepare Base Model started <<<<<]
[2023-11-18 16:54:42,906: INFO: common: yaml file: config\config.yaml loaded successfully]
[2023-11-18 16:54:42,909: INFO: common: yaml file: params.yaml loaded successfully]
[2023-11-18 16:54:42,909: INFO: common: created directory at: artifacts]
[2023-11-18 16:54:42,909: INFO: common: created directory at: artifacts/prepare_base_model]
[2023-11-18 16:54:43,371: WARNING: saving_utils: Compiled the loaded model, but the compiled metrics have yet to be built. `model.compile_metrics` will be empty until you train or evaluate the model.]
[2023-11-18 16:54:43,813: INFO: main: >>>>> stage Prepare Base Model completed <<<<<

x=========x]
[2023-11-18 16:54:43,829: INFO: main: >>>>> stage Model Training started <<<<<]
[2023-11-18 16:54:43,829: INFO: common: yaml file: config\config.yaml loaded successfully]
[2023-11-18 16:54:43,844: INFO: common: yaml file: params.yaml loaded successfully]
[2023-11-18 16:54:43,847: INFO: common: created directory at: artifacts]
[2023-11-18 16:54:43,847: INFO: common: created directory at: artifacts\training]
[2023-11-18 16:55:21,513: INFO: main: >>>>> stage Model Training completed <<<<<

x=========x]
[2023-11-18 16:55:23,079: INFO: main: >>>>> stage Model Evaluation started <<<<<]
[2023-11-18 16:55:23,107: INFO: common: yaml file: config\config.yaml loaded successfully]
[2023-11-18 16:55:23,115: INFO: common: yaml file: params.yaml loaded successfully]
[2023-11-18 16:55:23,119: INFO: common: created directory at: artifacts]
[2023-11-18 16:55:47,031: INFO: common: json file saved at: scores.json]
[2023-11-18 16:55:49,364: WARNING: save: Found untraced functions such as _jit_compiled_convolution_op, _jit_compiled_convolution_op, _jit_compiled_convolution_op, _jit_compiled_convolution_op, _jit_compiled_convolution_op while saving (showing 5 of 14). These functions will not be directly callable after loading.]
[2023-11-18 16:55:50,007: INFO: builder_impl: Assets written to: C:\Users\david\AppData\Local\Temp\tmpew0_6x2f\model\data\model\assets]
[2023-11-18 16:55:58,737: INFO: dir_util: creating G:\Il mio Drive\PROJECTS\Kidney-Tumor-Detection-End-To-End\mlruns\0\930fe88fc91642a8a81e9150b5900bac\artifacts\model\data]
[2023-11-18 16:55:58,758: INFO: dir_util: creating G:\Il mio Drive\PROJECTS\Kidney-Tumor-Detection-End-To-End\mlruns\0\930fe88fc91642a8a81e9150b5900bac\artifacts\model\data\model]
[2023-11-18 16:55:58,765: INFO: dir_util: creating G:\Il mio Drive\PROJECTS\Kidney-Tumor-Detection-End-To-End\mlruns\0\930fe88fc91642a8a81e9150b5900bac\artifacts\model\data\model\assets]
[2023-11-18 16:55:58,804: INFO: dir_util: creating G:\Il mio Drive\PROJECTS\Kidney-Tumor-Detection-End-To-End\mlruns\0\930fe88fc91642a8a81e9150b5900bac\artifacts\model\data\model\variables]
[2023-11-18 16:55:59,524: INFO: main: >>>>> stage Model Evaluation completed <<<<<

x=========x]
[2023-11-18 16:58:42,855: INFO: main: >>>>> stage Data Ingestion stage started <<<<<]
[2023-11-18 16:58:42,866: INFO: common: yaml file: config\config.yaml loaded successfully]
[2023-11-18 16:58:42,875: INFO: common: yaml file: params.yaml loaded successfully]
[2023-11-18 16:58:42,876: INFO: common: created directory at: artifacts]
[2023-11-18 16:58:42,879: INFO: common: created directory at: artifacts/data_ingestion]
[2023-11-18 16:58:42,880: INFO: data_ingestion: Downloading data from https://drive.google.com/file/d/1vlhZ5c7abUKF8xXERIw6m9Te8fW7ohw3/view?usp=sharing into file artifacts/data_ingestion/data.zip]
[2023-11-18 16:58:45,967: INFO: data_ingestion: Downloaded data from https://drive.google.com/file/d/1vlhZ5c7abUKF8xXERIw6m9Te8fW7ohw3/view?usp=sharing into file artifacts/data_ingestion/data.zip]
[2023-11-18 16:58:52,123: INFO: main: >>>>> stage Data Ingestion stage completed <<<<<

x=========x]
[2023-11-18 16:58:55,826: INFO: main: >>>>> stage Prepare Base Model started <<<<<]
[2023-11-18 16:58:55,842: INFO: common: yaml file: config\config.yaml loaded successfully]
[2023-11-18 16:58:55,842: INFO: common: yaml file: params.yaml loaded successfully]
[2023-11-18 16:58:55,842: INFO: common: created directory at: artifacts]
[2023-11-18 16:58:55,842: INFO: common: created directory at: artifacts/prepare_base_model]
[2023-11-18 16:58:56,310: WARNING: saving_utils: Compiled the loaded model, but the compiled metrics have yet to be built. `model.compile_metrics` will be empty until you train or evaluate the model.]
[2023-11-18 16:58:56,795: INFO: main: >>>>> stage Prepare Base Model completed <<<<<

x=========x]
[2023-11-18 16:58:56,810: INFO: main: >>>>> stage Model Training started <<<<<]
[2023-11-18 16:58:56,825: INFO: common: yaml file: config\config.yaml loaded successfully]
[2023-11-18 16:58:56,833: INFO: common: yaml file: params.yaml loaded successfully]
[2023-11-18 16:58:56,835: INFO: common: created directory at: artifacts]
[2023-11-18 16:58:56,835: INFO: common: created directory at: artifacts\training]
[2023-11-18 17:00:28,495: INFO: main: >>>>> stage Model Training completed <<<<<

x=========x]
[2023-11-18 17:00:29,653: INFO: main: >>>>> stage Model Evaluation started <<<<<]
[2023-11-18 17:00:29,684: INFO: common: yaml file: config\config.yaml loaded successfully]
[2023-11-18 17:00:29,698: INFO: common: yaml file: params.yaml loaded successfully]
[2023-11-18 17:00:29,702: INFO: common: created directory at: artifacts]
[2023-11-18 17:00:42,336: INFO: common: json file saved at: scores.json]
[2023-11-18 17:00:44,336: WARNING: save: Found untraced functions such as _jit_compiled_convolution_op, _jit_compiled_convolution_op, _jit_compiled_convolution_op, _jit_compiled_convolution_op, _jit_compiled_convolution_op while saving (showing 5 of 14). These functions will not be directly callable after loading.]
[2023-11-18 17:00:44,965: INFO: builder_impl: Assets written to: C:\Users\david\AppData\Local\Temp\tmpljb1kllz\model\data\model\assets]
[2023-11-18 17:00:53,611: INFO: dir_util: creating G:\Il mio Drive\PROJECTS\Kidney-Tumor-Detection-End-To-End\mlruns\0\de7570f265e24a7e8f844dd9ab506676\artifacts\model\data]
[2023-11-18 17:00:53,633: INFO: dir_util: creating G:\Il mio Drive\PROJECTS\Kidney-Tumor-Detection-End-To-End\mlruns\0\de7570f265e24a7e8f844dd9ab506676\artifacts\model\data\model]
[2023-11-18 17:00:53,639: INFO: dir_util: creating G:\Il mio Drive\PROJECTS\Kidney-Tumor-Detection-End-To-End\mlruns\0\de7570f265e24a7e8f844dd9ab506676\artifacts\model\data\model\assets]
[2023-11-18 17:00:53,680: INFO: dir_util: creating G:\Il mio Drive\PROJECTS\Kidney-Tumor-Detection-End-To-End\mlruns\0\de7570f265e24a7e8f844dd9ab506676\artifacts\model\data\model\variables]
[2023-11-18 17:00:54,476: INFO: main: >>>>> stage Model Evaluation completed <<<<<

x=========x]
[2023-11-18 17:02:52,846: INFO: main: >>>>> stage Data Ingestion stage started <<<<<]
[2023-11-18 17:02:52,859: INFO: common: yaml file: config\config.yaml loaded successfully]
[2023-11-18 17:02:52,868: INFO: common: yaml file: params.yaml loaded successfully]
[2023-11-18 17:02:52,876: INFO: common: created directory at: artifacts]
[2023-11-18 17:02:52,883: INFO: common: created directory at: artifacts/data_ingestion]
[2023-11-18 17:02:52,885: INFO: data_ingestion: Downloading data from https://drive.google.com/file/d/1vlhZ5c7abUKF8xXERIw6m9Te8fW7ohw3/view?usp=sharing into file artifacts/data_ingestion/data.zip]
[2023-11-18 17:02:55,887: INFO: data_ingestion: Downloaded data from https://drive.google.com/file/d/1vlhZ5c7abUKF8xXERIw6m9Te8fW7ohw3/view?usp=sharing into file artifacts/data_ingestion/data.zip]
[2023-11-18 17:03:02,188: INFO: main: >>>>> stage Data Ingestion stage completed <<<<<

x=========x]
[2023-11-18 17:03:06,329: INFO: main: >>>>> stage Prepare Base Model started <<<<<]
[2023-11-18 17:03:06,346: INFO: common: yaml file: config\config.yaml loaded successfully]
[2023-11-18 17:03:06,351: INFO: common: yaml file: params.yaml loaded successfully]
[2023-11-18 17:03:06,357: INFO: common: created directory at: artifacts]
[2023-11-18 17:03:06,363: INFO: common: created directory at: artifacts/prepare_base_model]
[2023-11-18 17:03:06,832: WARNING: saving_utils: Compiled the loaded model, but the compiled metrics have yet to be built. `model.compile_metrics` will be empty until you train or evaluate the model.]
[2023-11-18 17:03:07,315: INFO: main: >>>>> stage Prepare Base Model completed <<<<<

x=========x]
[2023-11-18 17:03:07,335: INFO: main: >>>>> stage Model Training started <<<<<]
[2023-11-18 17:03:07,342: INFO: common: yaml file: config\config.yaml loaded successfully]
[2023-11-18 17:03:07,348: INFO: common: yaml file: params.yaml loaded successfully]
[2023-11-18 17:03:07,351: INFO: common: created directory at: artifacts]
[2023-11-18 17:03:07,357: INFO: common: created directory at: artifacts\training]
[2023-11-18 17:03:52,189: INFO: main: >>>>> stage Model Training completed <<<<<

x=========x]
[2023-11-18 17:03:53,980: INFO: main: >>>>> stage Model Evaluation started <<<<<]
[2023-11-18 17:03:54,001: INFO: common: yaml file: config\config.yaml loaded successfully]
[2023-11-18 17:03:54,013: INFO: common: yaml file: params.yaml loaded successfully]
[2023-11-18 17:03:54,016: INFO: common: created directory at: artifacts]
[2023-11-18 17:04:11,714: INFO: common: json file saved at: scores.json]
[2023-11-18 17:04:14,474: WARNING: save: Found untraced functions such as _jit_compiled_convolution_op, _jit_compiled_convolution_op, _jit_compiled_convolution_op, _jit_compiled_convolution_op, _jit_compiled_convolution_op while saving (showing 5 of 14). These functions will not be directly callable after loading.]
[2023-11-18 17:04:15,318: INFO: builder_impl: Assets written to: C:\Users\david\AppData\Local\Temp\tmpacynyw08\model\data\model\assets]
[2023-11-18 17:04:24,744: INFO: dir_util: creating G:\Il mio Drive\PROJECTS\Kidney-Tumor-Detection-End-To-End\mlruns\0\7f46f2ad9dd943579411c8cacc0e234b\artifacts\model\data]
[2023-11-18 17:04:24,762: INFO: dir_util: creating G:\Il mio Drive\PROJECTS\Kidney-Tumor-Detection-End-To-End\mlruns\0\7f46f2ad9dd943579411c8cacc0e234b\artifacts\model\data\model]
[2023-11-18 17:04:24,771: INFO: dir_util: creating G:\Il mio Drive\PROJECTS\Kidney-Tumor-Detection-End-To-End\mlruns\0\7f46f2ad9dd943579411c8cacc0e234b\artifacts\model\data\model\assets]
[2023-11-18 17:04:24,828: INFO: dir_util: creating G:\Il mio Drive\PROJECTS\Kidney-Tumor-Detection-End-To-End\mlruns\0\7f46f2ad9dd943579411c8cacc0e234b\artifacts\model\data\model\variables]
[2023-11-18 17:04:25,718: INFO: main: >>>>> stage Model Evaluation completed <<<<<

x=========x]
